<?xml version="1.0" encoding="UTF-8"?>
<!-- Generated by org.testng.reporters.JUnitReportReporter -->
<testsuite hostname="LAPTOP-2F76RQJQ" failures="0" tests="3" name="com.demo.Testng_Script" time="0.000" errors="0" timestamp="2020-04-09T16:22:28 IST" skipped="3">
  <testcase classname="com.demo.Testng_Script" name="method3" time="0.000">
    <skipped/>
  </testcase> <!-- method3 -->
  <system-out/>
  <testcase classname="com.demo.Testng_Script" name="method2" time="0.000">
    <skipped/>
  </testcase> <!-- method2 -->
  <system-out/>
  <testcase classname="com.demo.Testng_Script" name="method1" time="0.000">
    <skipped/>
  </testcase> <!-- method1 -->
  <system-out/>
</testsuite> <!-- com.demo.Testng_Script -->
