<?xml version="1.0" encoding="UTF-8"?>
<!-- Generated by org.testng.reporters.JUnitReportReporter -->
<testsuite hostname="LAPTOP-2F76RQJQ" failures="0" tests="3" name="com.demo.MyTestng" time="0.020" errors="0" timestamp="2020-04-08T15:45:02 IST" skipped="0">
  <testcase classname="com.demo.MyTestng" name="firstTest" time="0.008"/>
  <system-out/>
  <testcase classname="com.demo.MyTestng" name="thirdTest" time="0.007"/>
  <system-out/>
  <testcase classname="com.demo.MyTestng" name="secondTest" time="0.005"/>
  <system-out/>
</testsuite> <!-- com.demo.MyTestng -->
